<?xml version="1.0" encoding="UTF-8"?>
<!-- Generated by org.testng.reporters.JUnitXMLReporter -->
<testsuite ignored="0" hostname="DESKTOP-J1J1V9M" failures="1" tests="3" name="Default test(failed)" time="5.179" errors="0" timestamp="2022-11-15T08:20:12 GMT-05:00">
  <testcase classname="TestNG_Keyword.E_DepndsonMethod2" name="login2" time="5.04">
    <failure type="org.testng.internal.thread.ThreadTimeoutException" message="Method TestNG_Keyword.E_DepndsonMethod2.login2() didn&amp;apos;t finish within the time-out 5000">
      <![CDATA[org.testng.internal.thread.ThreadTimeoutException: Method TestNG_Keyword.E_DepndsonMethod2.login2() didn't finish within the time-out 5000
at java.base/java.util.ArrayList.forEach(ArrayList.java:1511)
... Removed 24 stack frames]]>
    </failure>
  </testcase> <!-- login2 -->
  <testcase classname="TestNG_Keyword.E_DepndsonMethod2" name="login1" time="0.006"/>
  <testcase classname="TestNG_Keyword.E_DepndsonMethod2" name="logout" time="0.0">
    <skipped/>
  </testcase> <!-- logout -->
</testsuite> <!-- Default test(failed) -->
