<?xml version="1.0" encoding="UTF-8"?>
<!-- Generated by org.testng.reporters.JUnitXMLReporter -->
<testsuite ignored="0" hostname="DESKTOP-J1J1V9M" failures="1" tests="1" name="Test" time="2.142" errors="0" timestamp="2022-11-20T21:27:20 GMT-05:00">
  <testcase classname="TestNGi__Parallel.A_Parallel1" name="Openkite" time="2.036">
    <failure type="java.lang.ExceptionInInitializerError">
      <![CDATA[java.lang.ExceptionInInitializerError
at org.openqa.selenium.remote.http.netty.NettyClient$Factory.createClient(NettyClient.java:134)
at org.openqa.selenium.remote.HttpCommandExecutor.<init>(HttpCommandExecutor.java:107)
at org.openqa.selenium.remote.HttpCommandExecutor.<init>(HttpCommandExecutor.java:94)
at org.openqa.selenium.remote.HttpCommandExecutor.<init>(HttpCommandExecutor.java:85)
at org.openqa.selenium.remote.service.DriverCommandExecutor.<init>(DriverCommandExecutor.java:80)
at org.openqa.selenium.chromium.ChromiumDriverCommandExecutor.<init>(ChromiumDriverCommandExecutor.java:35)
at org.openqa.selenium.chrome.ChromeDriver$ChromeDriverCommandExecutor.<init>(ChromeDriver.java:93)
at org.openqa.selenium.chrome.ChromeDriver.<init>(ChromeDriver.java:81)
at org.openqa.selenium.chrome.ChromeDriver.<init>(ChromeDriver.java:49)
at TestNGi__Parallel.A_Parallel1.Openkite(A_Parallel1.java:13)
at java.base/java.util.ArrayList.forEach(ArrayList.java:1511)
Caused by: java.lang.IllegalStateException: failed to create a child event loop
at io.netty.util.concurrent.MultithreadEventExecutorGroup.<init>(MultithreadEventExecutorGroup.java:88)
at io.netty.util.concurrent.MultithreadEventExecutorGroup.<init>(MultithreadEventExecutorGroup.java:60)
at io.netty.util.concurrent.MultithreadEventExecutorGroup.<init>(MultithreadEventExecutorGroup.java:49)
at io.netty.channel.MultithreadEventLoopGroup.<init>(MultithreadEventLoopGroup.java:59)
at io.netty.channel.nio.NioEventLoopGroup.<init>(NioEventLoopGroup.java:87)
at io.netty.channel.nio.NioEventLoopGroup.<init>(NioEventLoopGroup.java:82)
at io.netty.channel.nio.NioEventLoopGroup.<init>(NioEventLoopGroup.java:69)
at org.asynchttpclient.netty.channel.NioTransportFactory.newEventLoopGroup(NioTransportFactory.java:32)
at org.asynchttpclient.netty.channel.NioTransportFactory.newEventLoopGroup(NioTransportFactory.java:21)
at org.asynchttpclient.netty.channel.ChannelManager.<init>(ChannelManager.java:133)
at org.asynchttpclient.DefaultAsyncHttpClient.<init>(DefaultAsyncHttpClient.java:92)
at org.asynchttpclient.Dsl.asyncHttpClient(Dsl.java:32)
at org.openqa.selenium.remote.http.netty.NettyClient.createHttpClient(NettyClient.java:93)
at org.openqa.selenium.remote.http.netty.NettyClient.<clinit>(NettyClient.java:47)
... 36 more
Caused by: io.netty.channel.ChannelException: failed to open a new selector
at io.netty.channel.nio.NioEventLoop.openSelector(NioEventLoop.java:178)
at io.netty.channel.nio.NioEventLoop.<init>(NioEventLoop.java:145)
at io.netty.channel.nio.NioEventLoopGroup.newChild(NioEventLoopGroup.java:183)
at io.netty.channel.nio.NioEventLoopGroup.newChild(NioEventLoopGroup.java:38)
at io.netty.util.concurrent.MultithreadEventExecutorGroup.<init>(MultithreadEventExecutorGroup.java:84)
... 49 more
Caused by: java.io.IOException: Unable to establish loopback connection
at java.base/sun.nio.ch.PipeImpl$Initializer.run(PipeImpl.java:99)
at java.base/sun.nio.ch.PipeImpl$Initializer.run(PipeImpl.java:65)
at java.base/java.security.AccessController.doPrivileged(AccessController.java:569)
at java.base/sun.nio.ch.PipeImpl.<init>(PipeImpl.java:188)
at java.base/sun.nio.ch.WEPollSelectorImpl.<init>(WEPollSelectorImpl.java:78)
at java.base/sun.nio.ch.WEPollSelectorProvider.openSelector(WEPollSelectorProvider.java:33)
at io.netty.channel.nio.NioEventLoop.openSelector(NioEventLoop.java:176)
... 53 more
Caused by: java.net.ConnectException: Connection timed out: connect
at java.base/sun.nio.ch.Net.connect0(Native Method)
at java.base/sun.nio.ch.Net.connect(Net.java:579)
at java.base/sun.nio.ch.Net.connect(Net.java:586)
at java.base/sun.nio.ch.SocketChannelImpl.connect(SocketChannelImpl.java:853)
at java.base/java.nio.channels.SocketChannel.open(SocketChannel.java:285)
at java.base/sun.nio.ch.PipeImpl$Initializer$LoopbackConnector.run(PipeImpl.java:129)
at java.base/sun.nio.ch.PipeImpl$Initializer.run(PipeImpl.java:81)
... 59 more
... Removed 25 stack frames]]>
    </failure>
  </testcase> <!-- Openkite -->
</testsuite> <!-- Test -->
